0 info it worked if it ends with ok
1 verbose cli [ '/Users/leonardgurrola/.nvm/versions/node/v5.1.1/bin/node',
1 verbose cli   '/Users/leonardgurrola/.nvm/versions/node/v5.1.1/bin/npm',
1 verbose cli   'run',
1 verbose cli   'watch' ]
2 info using npm@2.14.14
3 info using node@v5.1.1
4 verbose config Skipping project config: /Users/leonardgurrola/.npmrc. (matches userconfig)
5 verbose stack Error: ENOENT: no such file or directory, open '/Users/leonardgurrola/package.json'
5 verbose stack     at Error (native)
6 verbose cwd /Users/leonardgurrola/Documents/WEB/REACT/hermes
7 error Darwin 16.3.0
8 error argv "/Users/leonardgurrola/.nvm/versions/node/v5.1.1/bin/node" "/Users/leonardgurrola/.nvm/versions/node/v5.1.1/bin/npm" "run" "watch"
9 error node v5.1.1
10 error npm  v2.14.14
11 error path /Users/leonardgurrola/package.json
12 error code ENOENT
13 error errno -2
14 error syscall open
15 error enoent ENOENT: no such file or directory, open '/Users/leonardgurrola/package.json'
15 error enoent This is most likely not a problem with npm itself
15 error enoent and is related to npm not being able to find a file.
16 verbose exit [ -2, true ]
